# JRE version: OpenJDK Runtime Environment (21.0.9) (build 21.0.9+-14649483-b1163.86)
# Java VM: OpenJDK 64-Bit Server VM (21.0.9+-14649483-b1163.86, mixed mode, tiered, compressed oops, compressed class ptrs, g1 gc, windows-amd64)
GC Precious Log:
 CardTable entry size: 512
 Card Set container configuration: InlinePtr #cards 5 size 8 Array Of Cards #cards 12 size 40 Howl #buckets 4 coarsen threshold 1843 Howl Bitmap #cards 512 size 80 coarsen threshold 460 Card regions per heap region 1 cards per card region 2048
 CPUs: 12 total, 12 available
 Memory: 7381M
 Large Page Support: Disabled
 NUMA Support: Disabled
 Compressed Oops: Enabled (32-bit)
 Heap Region Size: 1M
 Heap Min Capacity: 8M
 Heap Initial Capacity: 116M
 Heap Max Capacity: 1846M
 Pre-touch: Disabled
 Parallel Workers: 10
 Concurrent Workers: 3
 Concurrent Refinement Workers: 10
 Periodic GC: Disabled
Heap:
 garbage-first heap   total 50176K, used 19115K [0x000000008ca00000, 0x0000000100000000)
  region size 1024K, 4 young (4096K), 3 survivors (3072K)
 Metaspace       used 29581K, committed 29824K, reserved 1114112K
  class space    used 3145K, committed 3264K, reserved 1048576K
GC Heap History (20 events):
Event: 12.163 GC heap before
{Heap before GC invocations=3 (full 0):
 garbage-first heap   total 24576K, used 23024K [0x000000008ca00000, 0x0000000100000000)
  region size 1024K, 19 young (19456K), 2 survivors (2048K)
 Metaspace       used 27309K, committed 27584K, reserved 1114112K
  class space    used 2941K, committed 3072K, reserved 1048576K
}
Event: 12.179 GC heap after
{Heap after GC invocations=4 (full 0):
 garbage-first heap   total 29696K, used 9455K [0x000000008ca00000, 0x0000000100000000)
  region size 1024K, 5 young (5120K), 5 survivors (5120K)
 Metaspace       used 27309K, committed 27584K, reserved 1114112K
  class space    used 2941K, committed 3072K, reserved 1048576K
}
Event: 12.839 GC heap before
{Heap before GC invocations=4 (full 0):
 garbage-first heap   total 29696K, used 20719K [0x000000008ca00000, 0x0000000100000000)
  region size 1024K, 17 young (17408K), 5 survivors (5120K)
 Metaspace       used 27816K, committed 28032K, reserved 1114112K
  class space    used 2980K, committed 3072K, reserved 1048576K
}
Event: 12.847 GC heap after
{Heap after GC invocations=5 (full 0):
 garbage-first heap   total 30720K, used 11942K [0x000000008ca00000, 0x0000000100000000)
  region size 1024K, 3 young (3072K), 3 survivors (3072K)
 Metaspace       used 27816K, committed 28032K, reserved 1114112K
  class space    used 2980K, committed 3072K, reserved 1048576K
}
Event: 12.881 GC heap before
{Heap before GC invocations=5 (full 0):
 garbage-first heap   total 30720K, used 23206K [0x000000008ca00000, 0x0000000100000000)
  region size 1024K, 15 young (15360K), 3 survivors (3072K)
 Metaspace       used 27904K, committed 28160K, reserved 1114112K
  class space    used 2980K, committed 3072K, reserved 1048576K
}
Event: 12.888 GC heap after
{Heap after GC invocations=6 (full 0):
 garbage-first heap   total 30720K, used 12986K [0x000000008ca00000, 0x0000000100000000)
  region size 1024K, 2 young (2048K), 2 survivors (2048K)
 Metaspace       used 27904K, committed 28160K, reserved 1114112K
  class space    used 2980K, committed 3072K, reserved 1048576K
}
Event: 12.965 GC heap before
{Heap before GC invocations=6 (full 0):
 garbage-first heap   total 30720K, used 23226K [0x000000008ca00000, 0x0000000100000000)
  region size 1024K, 13 young (13312K), 2 survivors (2048K)
 Metaspace       used 27930K, committed 28160K, reserved 1114112K
  class space    used 2983K, committed 3072K, reserved 1048576K
}
Event: 12.968 GC heap after
{Heap after GC invocations=7 (full 0):
 garbage-first heap   total 30720K, used 13677K [0x000000008ca00000, 0x0000000100000000)
  region size 1024K, 2 young (2048K), 2 survivors (2048K)
 Metaspace       used 27930K, committed 28160K, reserved 1114112K
  class space    used 2983K, committed 3072K, reserved 1048576K
}
Event: 13.108 GC heap before
{Heap before GC invocations=7 (full 0):
 garbage-first heap   total 30720K, used 23917K [0x000000008ca00000, 0x0000000100000000)
  region size 1024K, 13 young (13312K), 2 survivors (2048K)
 Metaspace       used 27959K, committed 28160K, reserved 1114112K
  class space    used 2983K, committed 3072K, reserved 1048576K
}
Event: 13.117 GC heap after
{Heap after GC invocations=8 (full 0):
 garbage-first heap   total 50176K, used 14202K [0x000000008ca00000, 0x0000000100000000)
  region size 1024K, 2 young (2048K), 2 survivors (2048K)
 Metaspace       used 27959K, committed 28160K, reserved 1114112K
  class space    used 2983K, committed 3072K, reserved 1048576K
}
Event: 14.244 GC heap before
{Heap before GC invocations=8 (full 0):
 garbage-first heap   total 50176K, used 38778K [0x000000008ca00000, 0x0000000100000000)
  region size 1024K, 27 young (27648K), 2 survivors (2048K)
 Metaspace       used 28032K, committed 28288K, reserved 1114112K
  class space    used 2985K, committed 3072K, reserved 1048576K
}
Event: 14.246 GC heap after
{Heap after GC invocations=9 (full 0):
 garbage-first heap   total 50176K, used 15480K [0x000000008ca00000, 0x0000000100000000)
  region size 1024K, 3 young (3072K), 3 survivors (3072K)
 Metaspace       used 28032K, committed 28288K, reserved 1114112K
  class space    used 2985K, committed 3072K, reserved 1048576K
}
Event: 14.253 GC heap before
{Heap before GC invocations=9 (full 0):
 garbage-first heap   total 50176K, used 40056K [0x000000008ca00000, 0x0000000100000000)
  region size 1024K, 28 young (28672K), 3 survivors (3072K)
 Metaspace       used 28032K, committed 28288K, reserved 1114112K
  class space    used 2985K, committed 3072K, reserved 1048576K
}
Event: 14.255 GC heap after
{Heap after GC invocations=10 (full 0):
 garbage-first heap   total 50176K, used 17600K [0x000000008ca00000, 0x0000000100000000)
  region size 1024K, 4 young (4096K), 4 survivors (4096K)
 Metaspace       used 28032K, committed 28288K, reserved 1114112K
  class space    used 2985K, committed 3072K, reserved 1048576K
}
Event: 15.282 GC heap before
{Heap before GC invocations=10 (full 0):
 garbage-first heap   total 50176K, used 39104K [0x000000008ca00000, 0x0000000100000000)
  region size 1024K, 26 young (26624K), 4 survivors (4096K)
 Metaspace       used 28049K, committed 28288K, reserved 1114112K
  class space    used 2985K, committed 3072K, reserved 1048576K
}
Event: 15.284 GC heap after
{Heap after GC invocations=11 (full 0):
 garbage-first heap   total 50176K, used 17482K [0x000000008ca00000, 0x0000000100000000)
  region size 1024K, 3 young (3072K), 3 survivors (3072K)
 Metaspace       used 28049K, committed 28288K, reserved 1114112K
  class space    used 2985K, committed 3072K, reserved 1048576K
}
Event: 18.697 GC heap before
{Heap before GC invocations=11 (full 0):
 garbage-first heap   total 50176K, used 40010K [0x000000008ca00000, 0x0000000100000000)
  region size 1024K, 26 young (26624K), 3 survivors (3072K)
 Metaspace       used 29259K, committed 29504K, reserved 1114112K
  class space    used 3119K, committed 3200K, reserved 1048576K
}
Event: 18.700 GC heap after
{Heap after GC invocations=12 (full 0):
 garbage-first heap   total 50176K, used 18104K [0x000000008ca00000, 0x0000000100000000)
  region size 1024K, 2 young (2048K), 2 survivors (2048K)
 Metaspace       used 29259K, committed 29504K, reserved 1114112K
  class space    used 3119K, committed 3200K, reserved 1048576K
}
Event: 22.293 GC heap before
{Heap before GC invocations=12 (full 0):
 garbage-first heap   total 50176K, used 40632K [0x000000008ca00000, 0x0000000100000000)
  region size 1024K, 25 young (25600K), 2 survivors (2048K)
 Metaspace       used 29515K, committed 29824K, reserved 1114112K
  class space    used 3139K, committed 3264K, reserved 1048576K
}
Event: 22.297 GC heap after
{Heap after GC invocations=13 (full 0):
 garbage-first heap   total 50176K, used 18715K [0x000000008ca00000, 0x0000000100000000)
  region size 1024K, 2 young (2048K), 2 survivors (2048K)
 Metaspace       used 29515K, committed 29824K, reserved 1114112K
  class space    used 3139K, committed 3264K, reserved 1048576K
}

